<?xml version="1.0" encoding="UTF-8"?>
<!-- Generated by org.testng.reporters.JUnitReportReporter -->
<testsuite hostname="DESKTOP-48ME6A4" failures="0" tests="1" name="testNGWebDriver.HomePageTest" time="13.506" errors="0" timestamp="11 Jun 2022 16:55:27 GMT" skipped="0">
  <testcase classname="testNGWebDriver.HomePageTest" name="test1" time="13.506"/>
</testsuite> <!-- testNGWebDriver.HomePageTest -->
