<?xml version="1.0" encoding="UTF-8"?>
<!-- Generated by org.testng.reporters.JUnitReportReporter -->
<testsuite hostname="DESKTOP-48ME6A4" failures="0" tests="3" name="testNG.Testcase1" time="0.017" errors="0" timestamp="11 Jun 2022 14:23:18 GMT" skipped="0">
  <testcase classname="testNG.Testcase1" name="test3" time="0.007"/>
  <testcase classname="testNG.Testcase1" name="test2" time="0.004"/>
  <testcase classname="testNG.Testcase1" name="test1" time="0.006"/>
</testsuite> <!-- testNG.Testcase1 -->
