<?xml version="1.0" encoding="UTF-8"?>
<!-- Generated by org.testng.reporters.JUnitReportReporter -->
<testsuite hostname="DESKTOP-48ME6A4" failures="0" tests="4" name="testNG.LoanTestCases" time="0.025" errors="0" timestamp="11 Jun 2022 15:23:21 GMT" skipped="0">
  <testcase classname="testNG.LoanTestCases" name="MotorLoanTest" time="0.008"/>
  <testcase classname="testNG.LoanTestCases" name="CarLoanTest" time="0.005"/>
  <testcase classname="testNG.LoanTestCases" name="HomeLoanTest2" time="0.005"/>
  <testcase classname="testNG.LoanTestCases" name="HomeLoanTest1" time="0.007"/>
</testsuite> <!-- testNG.LoanTestCases -->
