<?xml version="1.0" encoding="UTF-8"?>
<!-- Generated by org.testng.reporters.JUnitReportReporter -->
<testsuite hostname="DESKTOP-48ME6A4" failures="0" tests="2" name="testNG.LoanTestCases" time="0.002" errors="0" timestamp="11 Jun 2022 17:09:26 GMT" skipped="0">
  <testcase classname="testNG.LoanTestCases" name="HomeLoanTest2" time="0.001"/>
  <testcase classname="testNG.LoanTestCases" name="HomeLoanTest1" time="0.001"/>
</testsuite> <!-- testNG.LoanTestCases -->
