<?xml version="1.0" encoding="UTF-8"?>
<!-- Generated by org.testng.reporters.JUnitReportReporter -->
<testsuite hostname="DESKTOP-48ME6A4" failures="0" tests="1" name="testNG.CreditCardTestCases" time="0.001" errors="0" timestamp="11 Jun 2022 17:09:26 GMT" skipped="0">
  <testcase classname="testNG.CreditCardTestCases" name="CCTest1" time="0.001"/>
</testsuite> <!-- testNG.CreditCardTestCases -->
